<?xml version="1.0" encoding="UTF-8"?>
<!-- Generated by org.testng.reporters.JUnitReportReporter -->
<testsuite hostname="DESKTOP-84V9AMD" name="com.DataDriven.Newtour_UserReg_Exceldata" tests="2" failures="0" timestamp="15 Jun 2018 12:33:51 GMT" time="19.523" errors="0">
  <testcase name="userregistration" time="18.884" classname="com.DataDriven.Newtour_UserReg_Exceldata"/>
  <testcase name="register" time="0.639" classname="com.DataDriven.Newtour_UserReg_Exceldata"/>
</testsuite> <!-- com.DataDriven.Newtour_UserReg_Exceldata -->
