<?xml version="1.0" encoding="UTF-8"?>
<!-- Generated by org.testng.reporters.JUnitReportReporter -->
<testsuite hostname="DESKTOP-84V9AMD" name="com.annotations.Annotations3" tests="3" failures="0" timestamp="12 Jun 2018 11:51:00 GMT" time="0.046" errors="0">
  <testcase name="Inbox" time="0.005" classname="com.annotations.Annotations3"/>
  <testcase name="ComposeMain" time="0.023" classname="com.annotations.Annotations3"/>
  <testcase name="Login" time="0.018" classname="com.annotations.Annotations3"/>
</testsuite> <!-- com.annotations.Annotations3 -->
