<?xml version="1.0" encoding="UTF-8"?>
<!-- Generated by org.testng.reporters.JUnitReportReporter -->
<testsuite hostname="DESKTOP-84V9AMD" name="com.annotations.Annotations1" tests="3" failures="0" timestamp="12 Jun 2018 11:42:38 GMT" time="0.028" errors="0">
  <testcase name="Browserlaunch" time="0.015" classname="com.annotations.Annotations1"/>
  <testcase name="Inbox" time="0.008" classname="com.annotations.Annotations1"/>
  <testcase name="Login" time="0.005" classname="com.annotations.Annotations1"/>
</testsuite> <!-- com.annotations.Annotations1 -->
