<?xml version="1.0" encoding="UTF-8"?>
<!-- Generated by org.testng.reporters.JUnitReportReporter -->
<testsuite hostname="DESKTOP-84V9AMD" name="com.annotations.Newtours_Login" tests="1" failures="0" timestamp="12 Jun 2018 12:23:16 GMT" time="5.022" errors="0">
  <testcase name="Login" time="5.022" classname="com.annotations.Newtours_Login"/>
</testsuite> <!-- com.annotations.Newtours_Login -->
