<?xml version="1.0" encoding="UTF-8"?>
<!-- Generated by org.testng.reporters.JUnitReportReporter -->
<testsuite hostname="DESKTOP-84V9AMD" name="com.DataDriven.Newtours_Newuser" tests="2" failures="0" timestamp="15 Jun 2018 12:15:21 GMT" time="4.759" errors="0">
  <testcase name="userregistration" time="4.315" classname="com.DataDriven.Newtours_Newuser"/>
  <testcase name="register" time="0.444" classname="com.DataDriven.Newtours_Newuser"/>
</testsuite> <!-- com.DataDriven.Newtours_Newuser -->
