<?xml version="1.0" encoding="UTF-8"?>
<!-- Generated by org.testng.reporters.JUnitReportReporter -->
<testsuite hostname="DESKTOP-84V9AMD" name="com.Keyworddriven.Newtours_Login" tests="1" failures="0" timestamp="15 Jun 2018 12:33:51 GMT" time="6.719" errors="0">
  <testcase name="Login" time="6.719" classname="com.Keyworddriven.Newtours_Login"/>
</testsuite> <!-- com.Keyworddriven.Newtours_Login -->
