<?xml version="1.0" encoding="UTF-8"?>
<!-- Generated by org.testng.reporters.JUnitReportReporter -->
<testsuite hostname="DESKTOP-84V9AMD" name="com.annotations.Annotations2" tests="3" failures="0" timestamp="12 Jun 2018 11:46:59 GMT" time="0.014" errors="0">
  <testcase name="ComposeMain" time="0.003" classname="com.annotations.Annotations2"/>
  <testcase name="Login" time="0.008" classname="com.annotations.Annotations2"/>
  <testcase name="Inbox" time="0.003" classname="com.annotations.Annotations2"/>
</testsuite> <!-- com.annotations.Annotations2 -->
